2021-04-29T23:09:49.626Z [warn] WARNING: {{optional}} was not converted as it has positional parameters which can't be automatically converted. Source: addon/templates/components/nypr-o-header/menu.hbs
2021-04-29T23:09:50.285Z [warn] WARNING: {{or}} was not converted as it has positional parameters which can't be automatically converted. Source: addon/templates/components/nypr-m-newsletter-form.hbs
2021-04-29T23:09:50.311Z [warn] WARNING: {{image-template}} was not converted as it has positional parameters which can't be automatically converted. Source: addon/templates/components/nypr-m-on-air-image.hbs
2021-04-29T23:09:50.632Z [warn] WARNING: {{optional}} was not converted as it has positional parameters which can't be automatically converted. Source: addon/templates/components/nypr-o-donate.hbs
2021-04-29T23:09:50.719Z [warn] WARNING: {{optional}} was not converted as it has positional parameters which can't be automatically converted. Source: addon/templates/components/nypr-a-button.hbs
2021-04-29T23:09:51.002Z [warn] WARNING: {{or}} was not converted as it has positional parameters which can't be automatically converted. Source: addon/templates/components/nypr-m-share-tools/link.hbs
2021-04-29T23:09:50.914Z [warn] WARNING: {{or}} was not converted as it has positional parameters which can't be automatically converted. Source: addon/templates/components/nypr-a-tag.hbs
2021-04-29T23:09:51.050Z [warn] WARNING: {{strip-html}} was not converted as it has positional parameters which can't be automatically converted. Source: addon/templates/components/nypr-o-persistent-audio-player.hbs
2021-04-29T23:09:51.050Z [warn] WARNING: {{strip-html}} was not converted as it has positional parameters which can't be automatically converted. Source: addon/templates/components/nypr-o-persistent-audio-player.hbs
2021-04-29T23:09:51.050Z [warn] WARNING: {{strip-html}} was not converted as it has positional parameters which can't be automatically converted. Source: addon/templates/components/nypr-o-persistent-audio-player.hbs
2021-04-29T23:09:51.051Z [warn] WARNING: {{strip-html}} was not converted as it has positional parameters which can't be automatically converted. Source: addon/templates/components/nypr-o-persistent-audio-player.hbs
2021-04-29T23:09:51.051Z [warn] WARNING: {{strip-html}} was not converted as it has positional parameters which can't be automatically converted. Source: addon/templates/components/nypr-o-persistent-audio-player.hbs
2021-04-29T23:09:51.233Z [warn] WARNING: {{or}} was not converted as it has positional parameters which can't be automatically converted. Source: addon/templates/components/nypr-m-figure/image.hbs
2021-04-29T23:09:51.445Z [warn] WARNING: {{or}} was not converted as it has positional parameters which can't be automatically converted. Source: addon/templates/components/nypr-m-tags.hbs
2021-04-29T23:09:51.458Z [warn] WARNING: {{or}} was not converted as it has positional parameters which can't be automatically converted. Source: addon/templates/components/nypr-m-text-banner.hbs
2021-04-29T23:28:28.101Z [warn] WARNING: {{optional}} was not converted as it has positional parameters which can't be automatically converted. Source: addon/templates/components/nypr-a-button.hbs
2021-04-29T23:28:28.309Z [warn] WARNING: {{or}} was not converted as it has positional parameters which can't be automatically converted. Source: addon/templates/components/nypr-a-tag.hbs
2021-04-29T23:28:28.621Z [warn] WARNING: {{or}} was not converted as it has positional parameters which can't be automatically converted. Source: addon/templates/components/nypr-m-text-banner.hbs
2021-04-29T23:28:28.645Z [warn] WARNING: {{or}} was not converted as it has positional parameters which can't be automatically converted. Source: addon/templates/components/nypr-m-tags.hbs
2021-04-29T23:28:28.667Z [warn] WARNING: {{or}} was not converted as it has positional parameters which can't be automatically converted. Source: addon/templates/components/nypr-m-toggle-box.hbs
2021-04-29T23:28:28.667Z [warn] WARNING: {{or}} was not converted as it has positional parameters which can't be automatically converted. Source: addon/templates/components/nypr-m-toggle-box.hbs
2021-04-29T23:28:28.667Z [warn] WARNING: {{or}} was not converted as it has positional parameters which can't be automatically converted. Source: addon/templates/components/nypr-m-toggle-box.hbs
2021-04-29T23:28:28.996Z [warn] WARNING: {{or}} was not converted as it has positional parameters which can't be automatically converted. Source: addon/templates/components/nypr-m-figure.hbs
2021-04-29T23:28:29.053Z [warn] WARNING: {{or}} was not converted as it has positional parameters which can't be automatically converted. Source: addon/templates/components/nypr-m-newsletter-form.hbs
2021-04-29T23:28:29.078Z [warn] WARNING: {{image-template}} was not converted as it has positional parameters which can't be automatically converted. Source: addon/templates/components/nypr-m-on-air-image.hbs
2021-04-29T23:28:29.314Z [warn] WARNING: {{optional}} was not converted as it has positional parameters which can't be automatically converted. Source: addon/templates/components/nypr-o-donate.hbs
2021-04-29T23:28:29.501Z [warn] WARNING: {{strip-html}} was not converted as it has positional parameters which can't be automatically converted. Source: addon/templates/components/nypr-o-persistent-audio-player.hbs
2021-04-29T23:28:29.501Z [warn] WARNING: {{strip-html}} was not converted as it has positional parameters which can't be automatically converted. Source: addon/templates/components/nypr-o-persistent-audio-player.hbs
2021-04-29T23:28:29.506Z [warn] WARNING: {{strip-html}} was not converted as it has positional parameters which can't be automatically converted. Source: addon/templates/components/nypr-o-persistent-audio-player.hbs
2021-04-29T23:28:29.506Z [warn] WARNING: {{strip-html}} was not converted as it has positional parameters which can't be automatically converted. Source: addon/templates/components/nypr-o-persistent-audio-player.hbs
2021-04-29T23:28:29.506Z [warn] WARNING: {{strip-html}} was not converted as it has positional parameters which can't be automatically converted. Source: addon/templates/components/nypr-o-persistent-audio-player.hbs
2021-04-29T23:28:29.667Z [warn] WARNING: {{and}} was not converted as it has positional parameters which can't be automatically converted. Source: addon/templates/components/nypr-m-figcaption/caption.hbs
2021-04-29T23:28:29.678Z [warn] WARNING: {{or}} was not converted as it has positional parameters which can't be automatically converted. Source: addon/templates/components/nypr-m-figure/image.hbs
2021-04-29T23:28:29.816Z [warn] WARNING: {{or}} was not converted as it has positional parameters which can't be automatically converted. Source: addon/templates/components/nypr-m-share-tools/link.hbs
2021-04-29T23:28:30.125Z [warn] WARNING: {{optional}} was not converted as it has positional parameters which can't be automatically converted. Source: addon/templates/components/nypr-o-header/menu.hbs
